<?xml version="1.0" encoding="UTF-8"?>
<testng-results skipped="0" failed="0" ignored="0" total="1" passed="1">
  <reporter-output>
  </reporter-output>
  <suite name="Default suite" duration-ms="33440" started-at="2018-10-19T14:32:39Z" finished-at="2018-10-19T14:33:13Z">
    <groups>
    </groups>
    <test name="Default test" duration-ms="33440" started-at="2018-10-19T14:32:39Z" finished-at="2018-10-19T14:33:13Z">
      <class name="com.crm.qa.test.LoginPageTest">
        <test-method status="PASS" signature="setup()[pri:0, instance:com.crm.qa.test.LoginPageTest@27efef64]" name="setup" is-config="true" duration-ms="25168" started-at="2018-10-19T20:02:39Z" finished-at="2018-10-19T20:03:04Z">
          <reporter-output>
          </reporter-output>
        </test-method> <!-- setup -->
        <test-method status="PASS" signature="LoginTest()[pri:0, instance:com.crm.qa.test.LoginPageTest@27efef64]" name="LoginTest" duration-ms="7252" started-at="2018-10-19T20:03:04Z" finished-at="2018-10-19T20:03:12Z">
          <reporter-output>
          </reporter-output>
        </test-method> <!-- LoginTest -->
        <test-method status="PASS" signature="tearDown()[pri:0, instance:com.crm.qa.test.LoginPageTest@27efef64]" name="tearDown" is-config="true" duration-ms="996" started-at="2018-10-19T20:03:12Z" finished-at="2018-10-19T20:03:13Z">
          <reporter-output>
          </reporter-output>
        </test-method> <!-- tearDown -->
      </class> <!-- com.crm.qa.test.LoginPageTest -->
    </test> <!-- Default test -->
  </suite> <!-- Default suite -->
</testng-results>
